{"D:\\assignments-master\\week-3\\01-middlewares\\02-ratelimitter.js": {"path":"D:\\assignments-master\\week-3\\01-middlewares\\02-ratelimitter.js","all":false,"statementMap":{"0":{"start":{"line":1,"column":0},"end":{"line":1,"column":37}},"1":{"start":{"line":2,"column":0},"end":{"line":2,"column":33}},"2":{"start":{"line":3,"column":0},"end":{"line":3,"column":35}},"3":{"start":{"line":4,"column":0},"end":{"line":4,"column":22}},"4":{"start":{"line":5,"column":0},"end":{"line":5,"column":67}},"5":{"start":{"line":6,"column":0},"end":{"line":6,"column":66}},"6":{"start":{"line":7,"column":0},"end":{"line":7,"column":67}},"7":{"start":{"line":8,"column":0},"end":{"line":8,"column":70}},"8":{"start":{"line":9,"column":0},"end":{"line":9,"column":32}},"9":{"start":{"line":10,"column":0},"end":{"line":10,"column":67}},"10":{"start":{"line":11,"column":0},"end":{"line":11,"column":79}},"11":{"start":{"line":12,"column":0},"end":{"line":12,"column":26}},"12":{"start":{"line":13,"column":0},"end":{"line":13,"column":0}},"13":{"start":{"line":14,"column":0},"end":{"line":14,"column":0}},"14":{"start":{"line":15,"column":0},"end":{"line":15,"column":33}},"15":{"start":{"line":16,"column":0},"end":{"line":16,"column":0}},"16":{"start":{"line":17,"column":0},"end":{"line":17,"column":19}},"17":{"start":{"line":18,"column":0},"end":{"line":18,"column":33}},"18":{"start":{"line":19,"column":0},"end":{"line":19,"column":8}},"19":{"start":{"line":20,"column":0},"end":{"line":20,"column":0}},"20":{"start":{"line":21,"column":0},"end":{"line":21,"column":40}},"21":{"start":{"line":22,"column":0},"end":{"line":22,"column":42}},"22":{"start":{"line":23,"column":0},"end":{"line":23,"column":44}},"23":{"start":{"line":24,"column":0},"end":{"line":24,"column":45}},"24":{"start":{"line":25,"column":0},"end":{"line":25,"column":51}},"25":{"start":{"line":26,"column":0},"end":{"line":26,"column":44}},"26":{"start":{"line":27,"column":0},"end":{"line":27,"column":16}},"27":{"start":{"line":28,"column":0},"end":{"line":28,"column":18}},"28":{"start":{"line":29,"column":0},"end":{"line":29,"column":9}},"29":{"start":{"line":30,"column":0},"end":{"line":30,"column":12}},"30":{"start":{"line":31,"column":0},"end":{"line":31,"column":44}},"31":{"start":{"line":32,"column":0},"end":{"line":32,"column":14}},"32":{"start":{"line":33,"column":0},"end":{"line":33,"column":0}},"33":{"start":{"line":34,"column":0},"end":{"line":34,"column":5}},"34":{"start":{"line":35,"column":0},"end":{"line":35,"column":1}},"35":{"start":{"line":36,"column":0},"end":{"line":36,"column":0}},"36":{"start":{"line":37,"column":0},"end":{"line":37,"column":24}},"37":{"start":{"line":38,"column":0},"end":{"line":38,"column":0}},"38":{"start":{"line":39,"column":0},"end":{"line":39,"column":0}},"39":{"start":{"line":40,"column":0},"end":{"line":40,"column":37}},"40":{"start":{"line":41,"column":0},"end":{"line":41,"column":41}},"41":{"start":{"line":42,"column":0},"end":{"line":42,"column":3}},"42":{"start":{"line":43,"column":0},"end":{"line":43,"column":0}},"43":{"start":{"line":44,"column":0},"end":{"line":44,"column":38}},"44":{"start":{"line":45,"column":0},"end":{"line":45,"column":54}},"45":{"start":{"line":46,"column":0},"end":{"line":46,"column":3}},"46":{"start":{"line":47,"column":0},"end":{"line":47,"column":0}},"47":{"start":{"line":48,"column":0},"end":{"line":48,"column":0}},"48":{"start":{"line":49,"column":0},"end":{"line":49,"column":21}}},"s":{"0":1,"1":1,"2":1,"3":1,"4":1,"5":1,"6":1,"7":1,"8":1,"9":1,"10":1,"11":1,"12":1,"13":1,"14":1,"15":1,"16":1,"17":2,"18":1,"19":1,"20":13,"21":13,"22":13,"23":11,"24":11,"25":7,"26":11,"27":4,"28":4,"29":13,"30":2,"31":2,"32":2,"33":2,"34":13,"35":1,"36":1,"37":1,"38":1,"39":1,"40":6,"41":1,"42":1,"43":1,"44":0,"45":1,"46":1,"47":1,"48":1},"branchMap":{"0":{"type":"branch","line":17,"loc":{"start":{"line":17,"column":12},"end":{"line":19,"column":3}},"locations":[{"start":{"line":17,"column":12},"end":{"line":19,"column":3}}]},"1":{"type":"branch","line":21,"loc":{"start":{"line":21,"column":0},"end":{"line":35,"column":1}},"locations":[{"start":{"line":21,"column":0},"end":{"line":35,"column":1}}]},"2":{"type":"branch","line":23,"loc":{"start":{"line":23,"column":43},"end":{"line":30,"column":5}},"locations":[{"start":{"line":23,"column":43},"end":{"line":30,"column":5}}]},"3":{"type":"branch","line":25,"loc":{"start":{"line":25,"column":50},"end":{"line":27,"column":9}},"locations":[{"start":{"line":25,"column":50},"end":{"line":27,"column":9}}]},"4":{"type":"branch","line":27,"loc":{"start":{"line":27,"column":9},"end":{"line":29,"column":9}},"locations":[{"start":{"line":27,"column":9},"end":{"line":29,"column":9}}]},"5":{"type":"branch","line":30,"loc":{"start":{"line":30,"column":5},"end":{"line":34,"column":5}},"locations":[{"start":{"line":30,"column":5},"end":{"line":34,"column":5}}]},"6":{"type":"branch","line":40,"loc":{"start":{"line":40,"column":17},"end":{"line":42,"column":2}},"locations":[{"start":{"line":40,"column":17},"end":{"line":42,"column":2}}]}},"b":{"0":[2],"1":[13],"2":[11],"3":[7],"4":[4],"5":[2],"6":[6]},"fnMap":{"0":{"name":"rateMiddleware","decl":{"start":{"line":21,"column":0},"end":{"line":35,"column":1}},"loc":{"start":{"line":21,"column":0},"end":{"line":35,"column":1}},"line":21}},"f":{"0":13}}
}
