TN:
SF:02-ratelimitter.js
FN:21,rateMiddleware
FNF:1
FNH:1
FNDA:13,rateMiddleware
DA:1,1
DA:2,1
DA:3,1
DA:4,1
DA:5,1
DA:6,1
DA:7,1
DA:8,1
DA:9,1
DA:10,1
DA:11,1
DA:12,1
DA:13,1
DA:14,1
DA:15,1
DA:16,1
DA:17,1
DA:18,2
DA:19,1
DA:20,1
DA:21,13
DA:22,13
DA:23,13
DA:24,11
DA:25,11
DA:26,7
DA:27,11
DA:28,4
DA:29,4
DA:30,13
DA:31,2
DA:32,2
DA:33,2
DA:34,2
DA:35,13
DA:36,1
DA:37,1
DA:38,1
DA:39,1
DA:40,1
DA:41,6
DA:42,1
DA:43,1
DA:44,1
DA:45,0
DA:46,1
DA:47,1
DA:48,1
DA:49,1
LF:49
LH:48
BRDA:17,0,0,2
BRDA:21,1,0,13
BRDA:23,2,0,11
BRDA:25,3,0,7
BRDA:27,4,0,4
BRDA:30,5,0,2
BRDA:40,6,0,6
BRF:7
BRH:7
end_of_record
